C:\CXSC\EXAMPLES\PROJECT\MYEXAMPLE\DEBUG\MYEXAMPLE.EXE.EMBED.MANIFEST.RES
C:\CXSC\EXAMPLES\PROJECT\MYEXAMPLE\DEBUG\MYEXAMPLE.OBJ
C:\CXSC\EXAMPLES\PROJECT\MYEXAMPLE\DEBUG\VC100.PDB
D:\Projects\IntCalc2Console\intcalc2c\myexample\Debug\cl.command.1.tlog
D:\Projects\IntCalc2Console\intcalc2c\myexample\Debug\CL.read.1.tlog
D:\Projects\IntCalc2Console\intcalc2c\myexample\Debug\CL.write.1.tlog
D:\Projects\IntCalc2Console\intcalc2c\myexample\Debug\intcalc2c.write.1.tlog
D:\Projects\IntCalc2Console\intcalc2c\myexample\Debug\link.command.1.tlog
D:\Projects\IntCalc2Console\intcalc2c\myexample\Debug\link.read.1.tlog
D:\Projects\IntCalc2Console\intcalc2c\myexample\Debug\link.write.1.tlog
D:\Projects\IntCalc2Console\intcalc2c\myexample\Debug\link-cvtres.read.1.tlog
D:\Projects\IntCalc2Console\intcalc2c\myexample\Debug\link-cvtres.write.1.tlog
D:\Projects\IntCalc2Console\intcalc2c\myexample\Debug\myexample.exe.embed.manifest
D:\Projects\IntCalc2Console\intcalc2c\myexample\Debug\myexample.exe.embed.manifest.res
D:\Projects\IntCalc2Console\intcalc2c\myexample\Debug\myexample.exe.intermediate.manifest
D:\Projects\IntCalc2Console\intcalc2c\myexample\Debug\myexample.obj
D:\Projects\IntCalc2Console\intcalc2c\myexample\Debug\myexample_manifest.rc
D:\Projects\IntCalc2Console\intcalc2c\myexample\Debug\rc.command.1.tlog
D:\Projects\IntCalc2Console\intcalc2c\myexample\Debug\rc.read.1.tlog
D:\Projects\IntCalc2Console\intcalc2c\myexample\Debug\rc.write.1.tlog
D:\Projects\IntCalc2Console\intcalc2c\myexample\Debug\vc100.idb
D:\PROJECTS\INTCALC2CONSOLE\INTCALC2C\MYEXAMPLE\DEBUG\VC100.PDB
