Построение начато 04.12.2015 23:55:33.
     1>Проект "E:\Projects\IntCalc2Console\intcalc2c\myexample\myexample.vcxproj" в узле 2 (целевые объекты build).
     1>InitializeBuildStatus:
         Создание "Release\intcalc2c.unsuccessfulbuild", так как было задано "AlwaysCreate".
       ClCompile:
         Для всех выходных данных обновления не требуется.
       ResourceCompile:
         Для всех выходных данных обновления не требуется.
       ManifestResourceCompile:
         Для всех выходных данных обновления не требуется.
       Link:
         Для всех выходных данных обновления не требуется.
       Manifest:
         Для всех выходных данных обновления не требуется.
       FinalizeBuildStatus:
         Файл "Release\intcalc2c.unsuccessfulbuild" удаляется.
         Обращение к "Release\intcalc2c.lastbuildstate".
     1>Построение проекта "E:\Projects\IntCalc2Console\intcalc2c\myexample\myexample.vcxproj" завершено (целевые объекты build).

Построение успешно завершено.

Затраченное время: 00:00:00.20
